Directory /lustre/ssd/ws/sebo742e-pyjob_baal does not exist.
Creating new environment for job pyjob_baal
WS_Name: pyjob_baal
WS_Path: /lustre/ssd/ws/sebo742e-pyjob_baal
created virtual environment CPython3.9.6.final.0-64 in 8404ms
  creator CPython3Posix(dest=/lustre/ssd/ws/sebo742e-pyjob_baal/pyenv, clear=False, no_vcs_ignore=False, global=False)
  seeder FromAppData(download=False, pip=bundle, setuptools=bundle, wheel=bundle, via=copy, app_data_dir=/home/h9/sebo742e/.local/share/virtualenv)
    added seed packages: pip==22.2.2, setuptools==65.3.0, wheel==0.37.1
  activators BashActivator,CShellActivator,FishActivator,PowerShellActivator,PythonActivator
Looking in links: https://download.pytorch.org/whl/torch_stable.html
Collecting torch==1.11.0+cu113
  Using cached https://download.pytorch.org/whl/cu113/torch-1.11.0%2Bcu113-cp39-cp39-linux_x86_64.whl (1637.0 MB)
Collecting torchvision==0.12.0+cu113
  Using cached https://download.pytorch.org/whl/cu113/torchvision-0.12.0%2Bcu113-cp39-cp39-linux_x86_64.whl (22.3 MB)
Collecting typing-extensions
  Using cached typing_extensions-4.4.0-py3-none-any.whl (26 kB)
Collecting numpy
  Downloading numpy-1.23.4-cp39-cp39-manylinux_2_17_x86_64.manylinux2014_x86_64.whl (17.1 MB)
     ━━━━━━━━━━━━━━━━━━━━━━━━━━━━━━━━━━━━━━━━ 17.1/17.1 MB 34.0 MB/s eta 0:00:00
Collecting pillow!=8.3.*,>=5.3.0
  Using cached Pillow-9.2.0-cp39-cp39-manylinux_2_17_x86_64.manylinux2014_x86_64.whl (3.1 MB)
Collecting requests
  Using cached requests-2.28.1-py3-none-any.whl (62 kB)
Collecting charset-normalizer<3,>=2
  Using cached charset_normalizer-2.1.1-py3-none-any.whl (39 kB)
Collecting idna<4,>=2.5
  Using cached idna-3.4-py3-none-any.whl (61 kB)
Collecting urllib3<1.27,>=1.21.1
  Using cached urllib3-1.26.12-py2.py3-none-any.whl (140 kB)
Collecting certifi>=2017.4.17
  Using cached certifi-2022.9.24-py3-none-any.whl (161 kB)
Installing collected packages: urllib3, typing-extensions, pillow, numpy, idna, charset-normalizer, certifi, torch, requests, torchvision
Successfully installed certifi-2022.9.24 charset-normalizer-2.1.1 idna-3.4 numpy-1.23.4 pillow-9.2.0 requests-2.28.1 torch-1.11.0+cu113 torchvision-0.12.0+cu113 typing-extensions-4.4.0 urllib3-1.26.12
Collecting tqdm
  Using cached tqdm-4.64.1-py2.py3-none-any.whl (78 kB)
Collecting baal
  Using cached baal-1.6.0-py3-none-any.whl (59 kB)
Collecting scipy<2.0.0,>=1.7.1
  Using cached scipy-1.9.2-cp39-cp39-manylinux_2_17_x86_64.manylinux2014_x86_64.whl (33.8 MB)
Collecting structlog<22.0.0,>=21.1.0
  Using cached structlog-21.5.0-py3-none-any.whl (53 kB)
Requirement already satisfied: torch>=1.6.0 in /lustre/ssd/ws/sebo742e-pyjob_baal/pyenv/lib/python3.9/site-packages (from baal) (1.11.0+cu113)
Collecting matplotlib<4.0.0,>=3.4.3
  Using cached matplotlib-3.6.1-cp39-cp39-manylinux_2_17_x86_64.manylinux2014_x86_64.whl (11.8 MB)
Collecting scikit-learn<2.0.0,>=1.0.0
  Using cached scikit_learn-1.1.2-cp39-cp39-manylinux_2_17_x86_64.manylinux2014_x86_64.whl (30.8 MB)
Requirement already satisfied: numpy<2.0.0,>=1.21.2 in /lustre/ssd/ws/sebo742e-pyjob_baal/pyenv/lib/python3.9/site-packages (from baal) (1.23.4)
Requirement already satisfied: Pillow>=6.2.0 in /lustre/ssd/ws/sebo742e-pyjob_baal/pyenv/lib/python3.9/site-packages (from baal) (9.2.0)
Collecting h5py<4.0.0,>=3.4.0
  Using cached h5py-3.7.0-cp39-cp39-manylinux_2_12_x86_64.manylinux2010_x86_64.whl (4.5 MB)
Collecting fonttools>=4.22.0
  Using cached fonttools-4.37.4-py3-none-any.whl (960 kB)
Collecting pyparsing>=2.2.1
  Using cached pyparsing-3.0.9-py3-none-any.whl (98 kB)
Collecting packaging>=20.0
  Using cached packaging-21.3-py3-none-any.whl (40 kB)
Collecting python-dateutil>=2.7
  Using cached python_dateutil-2.8.2-py2.py3-none-any.whl (247 kB)
Collecting cycler>=0.10
  Using cached cycler-0.11.0-py3-none-any.whl (6.4 kB)
Collecting contourpy>=1.0.1
  Using cached contourpy-1.0.5-cp39-cp39-manylinux_2_17_x86_64.manylinux2014_x86_64.whl (296 kB)
Collecting kiwisolver>=1.0.1
  Using cached kiwisolver-1.4.4-cp39-cp39-manylinux_2_12_x86_64.manylinux2010_x86_64.whl (1.6 MB)
Collecting threadpoolctl>=2.0.0
  Using cached threadpoolctl-3.1.0-py3-none-any.whl (14 kB)
Collecting joblib>=1.0.0
  Using cached joblib-1.2.0-py3-none-any.whl (297 kB)
Requirement already satisfied: typing-extensions in /lustre/ssd/ws/sebo742e-pyjob_baal/pyenv/lib/python3.9/site-packages (from torch>=1.6.0->baal) (4.4.0)
Collecting six>=1.5
  Using cached six-1.16.0-py2.py3-none-any.whl (11 kB)
Installing collected packages: tqdm, threadpoolctl, structlog, six, scipy, pyparsing, kiwisolver, joblib, h5py, fonttools, cycler, contourpy, scikit-learn, python-dateutil, packaging, matplotlib, baal
Successfully installed baal-1.6.0 contourpy-1.0.5 cycler-0.11.0 fonttools-4.37.4 h5py-3.7.0 joblib-1.2.0 kiwisolver-1.4.4 matplotlib-3.6.1 packaging-21.3 pyparsing-3.0.9 python-dateutil-2.8.2 scikit-learn-1.1.2 scipy-1.9.2 six-1.16.0 structlog-21.5.0 threadpoolctl-3.1.0 tqdm-4.64.1
Experiments
pwd
